==56281== Memcheck, a memory error detector
==56281== Copyright (C) 2002-2017, and GNU GPL'd, by Julian Seward et al.
==56281== Using Valgrind-3.17.0.GIT-6049595824-20200908 and LibVEX; rerun with -h for copyright info
==56281== Command: ./program.out ./tests/certo1.cstar
==56281== Parent PID: 1556
==56281== 
--56281-- 
--56281-- Valgrind options:
--56281--    -v
--56281--    --tool=memcheck
--56281--    --leak-check=full
--56281--    --show-leak-kinds=all
--56281--    --track-origins=yes
--56281--    --log-file=__outs__/certo1.out
--56281-- Output from sysctl({CTL_KERN,KERN_VERSION}):
--56281--   Darwin Kernel Version 19.5.0: Tue May 26 20:41:44 PDT 2020; root:xnu-6153.121.2~2/RELEASE_X86_64
--56281-- Arch and hwcaps: AMD64, LittleEndian, amd64-cx16-lzcnt-rdtscp-sse3-ssse3-avx-avx2-bmi-f16c-rdrand
--56281-- Page sizes: currently 4096, max supported 4096
--56281-- Valgrind library directory: /usr/local/Cellar/valgrind/HEAD-6049595/lib/valgrind
--56281-- ./program.out (rx at 0x100000000, rw at 0x10000c000)
--56281--    reading syms   from primary file (81 52)
--56281--    dSYM= ./program.out.dSYM/Contents/Resources/DWARF/program.out
--56281-- /usr/lib/dyld (rx at 0x100054000, rw at 0x1000e6000)
--56281--    reading syms   from primary file (5 2727)
--56281-- Scheduler: using generic scheduler lock implementation.
--56281-- Reading suppressions file: /usr/local/Cellar/valgrind/HEAD-6049595/lib/valgrind/default.supp
==56281== embedded gdbserver: reading from /var/folders/w8/tbsqlcyd53v4mnbzp2hkd6880000gp/T//vgdb-pipe-from-vgdb-to-56281-by-nicknish-on-???
==56281== embedded gdbserver: writing to   /var/folders/w8/tbsqlcyd53v4mnbzp2hkd6880000gp/T//vgdb-pipe-to-vgdb-from-56281-by-nicknish-on-???
==56281== embedded gdbserver: shared mem   /var/folders/w8/tbsqlcyd53v4mnbzp2hkd6880000gp/T//vgdb-pipe-shared-mem-vgdb-56281-by-nicknish-on-???
==56281== 
==56281== TO CONTROL THIS PROCESS USING vgdb (which you probably
==56281== don't want to do, unless you know exactly what you're doing,
==56281== or are doing some strange experiment):
==56281==   /usr/local/Cellar/valgrind/HEAD-6049595/lib/valgrind/../../bin/vgdb --pid=56281 ...command...
==56281== 
==56281== TO DEBUG THIS PROCESS USING GDB: start GDB like this
==56281==   /path/to/gdb ./program.out
==56281== and then give GDB the following command
==56281==   target remote | /usr/local/Cellar/valgrind/HEAD-6049595/lib/valgrind/../../bin/vgdb --pid=56281
==56281== --pid is optional if only one valgrind process is running
==56281== 
--56281-- REDIR: 0x1000a61a0 (dyld:strcmp) redirected to 0x258057aeb (???)
--56281-- REDIR: 0x1000a0474 (dyld:arc4random) redirected to 0x258057b89 (???)
--56281-- REDIR: 0x1000a5580 (dyld:strlen) redirected to 0x258057aba (???)
--56281-- REDIR: 0x1000a64a0 (dyld:strcpy) redirected to 0x258057b07 (???)
--56281-- REDIR: 0x1000a361a (dyld:strcat) redirected to 0x258057acb (???)
--56281-- REDIR: 0x1000a537a (dyld:strlcat) redirected to 0x258057b24 (???)
--56281-- /usr/local/Cellar/valgrind/HEAD-6049595/lib/valgrind/vgpreload_core-amd64-darwin.so (rx at 0x100159000, rw at 0x10015d000)
--56281--    reading syms   from primary file (3 53)
--56281--    dSYM= /usr/local/Cellar/valgrind/HEAD-6049595/lib/valgrind/vgpreload_core-amd64-darwin.so.dSYM/Contents/Resources/DWARF/vgpreload_core-amd64-darwin.so
--56281-- /usr/local/Cellar/valgrind/HEAD-6049595/lib/valgrind/vgpreload_memcheck-amd64-darwin.so (rx at 0x100165000, rw at 0x10016d000)
--56281--    reading syms   from primary file (75 62)
--56281--    dSYM= /usr/local/Cellar/valgrind/HEAD-6049595/lib/valgrind/vgpreload_memcheck-amd64-darwin.so.dSYM/Contents/Resources/DWARF/vgpreload_memcheck-amd64-darwin.so
--56281-- /usr/lib/libSystem.B.dylib (rx at 0x100175000, rw at 0x100177000)
--56281--    reading syms   from primary file (29 8)
--56281-- /usr/lib/system/libcache.dylib (rx at 0x10017f000, rw at 0x100185000)
--56281--    reading syms   from primary file (32 29)
--56281-- /usr/lib/system/libcommonCrypto.dylib (rx at 0x10018c000, rw at 0x100198000)
--56281--    reading syms   from primary file (241 173)
--56281-- /usr/lib/system/libcompiler_rt.dylib (rx at 0x1001a8000, rw at 0x1001b0000)
--56281--    reading syms   from primary file (505 8)
--56281-- /usr/lib/system/libcopyfile.dylib (rx at 0x1001c0000, rw at 0x1001ca000)
--56281--    reading syms   from primary file (11 38)
--56281-- /usr/lib/system/libcorecrypto.dylib (rx at 0x1001d2000, rw at 0x100265000)
--56281--    reading syms   from primary file (586 846)
--56281-- /usr/lib/system/libdispatch.dylib (rx at 0x100285000, rw at 0x1002c6000)
--56281--    reading syms   from primary file (328 1607)
--56281-- /usr/lib/system/libdyld.dylib (rx at 0x100303000, rw at 0x10033a000)
--56281--    reading syms   from primary file (119 1467)
--56281-- /usr/lib/system/libkeymgr.dylib (rx at 0x100363000, rw at 0x100364000)
--56281--    reading syms   from primary file (11 2)
--56281-- /usr/lib/system/libmacho.dylib (rx at 0x100373000, rw at 0x100379000)
--56281--    reading syms   from primary file (105 2)
--56281-- /usr/lib/system/libquarantine.dylib (rx at 0x100381000, rw at 0x100384000)
--56281--    reading syms   from primary file (88 12)
--56281-- /usr/lib/system/libremovefile.dylib (rx at 0x10038c000, rw at 0x10038e000)
--56281--    reading syms   from primary file (12 8)
--56281-- /usr/lib/system/libsystem_asl.dylib (rx at 0x100395000, rw at 0x1003ad000)
--56281--    reading syms   from primary file (219 234)
--56281-- /usr/lib/system/libsystem_blocks.dylib (rx at 0x1003bd000, rw at 0x1003be000)
--56281--    reading syms   from primary file (21 8)
--56281-- /usr/lib/system/libsystem_c.dylib (rx at 0x1003c5000, rw at 0x10044d000)
--56281--    reading syms   from primary file (1346 892)
--56281-- /usr/lib/system/libsystem_configuration.dylib (rx at 0x10047d000, rw at 0x100481000)
--56281--    reading syms   from primary file (36 68)
--56281-- /usr/lib/system/libsystem_coreservices.dylib (rx at 0x10048a000, rw at 0x10048e000)
--56281--    reading syms   from primary file (14 47)
--56281-- /usr/lib/system/libsystem_darwin.dylib (rx at 0x100496000, rw at 0x10049f000)
--56281--    reading syms   from primary file (63 562)
--56281-- /usr/lib/system/libsystem_dnssd.dylib (rx at 0x1004ae000, rw at 0x1004b6000)
--56281--    reading syms   from primary file (40 26)
--56281-- /usr/lib/system/libsystem_featureflags.dylib (rx at 0x1004be000, rw at 0x1004c0000)
--56281--    reading syms   from primary file (1 12)
--56281-- /usr/lib/system/libsystem_info.dylib (rx at 0x1004c7000, rw at 0x100515000)
--56281--    reading syms   from primary file (427 714)
--56281-- /usr/lib/system/libsystem_m.dylib (rx at 0x10052d000, rw at 0x100575000)
--56281--    reading syms   from primary file (811 1)
--56281-- /usr/lib/system/libsystem_malloc.dylib (rx at 0x100586000, rw at 0x1005ae000)
--56281--    reading syms   from primary file (98 470)
--56281-- /usr/lib/system/libsystem_networkextension.dylib (rx at 0x1005be000, rw at 0x1005cc000)
--56281--    reading syms   from primary file (118 242)
--56281-- /usr/lib/system/libsystem_notify.dylib (rx at 0x1005dc000, rw at 0x1005e6000)
--56281--    reading syms   from primary file (23 1)
--56281-- /usr/lib/system/libsystem_sandbox.dylib (rx at 0x1005ee000, rw at 0x1005f3000)
--56281--    reading syms   from primary file (112 23)
--56281-- /usr/lib/system/libsystem_secinit.dylib (rx at 0x1005fc000, rw at 0x1005ff000)
--56281--    reading syms   from primary file (5 20)
--56281-- /usr/lib/system/libsystem_kernel.dylib (rx at 0x100606000, rw at 0x100633000)
--56281--    reading syms   from primary file (1361 230)
--56281-- /usr/lib/system/libsystem_platform.dylib (rx at 0x100652000, rw at 0x10065b000)
--56281--    reading syms   from primary file (168 103)
--56281-- /usr/lib/system/libsystem_pthread.dylib (rx at 0x100665000, rw at 0x100670000)
--56281--    reading syms   from primary file (189 143)
--56281-- /usr/lib/system/libsystem_symptoms.dylib (rx at 0x10067d000, rw at 0x100685000)
--56281--    reading syms   from primary file (10 86)
--56281-- /usr/lib/system/libsystem_trace.dylib (rx at 0x10068d000, rw at 0x1006a4000)
--56281--    reading syms   from primary file (131 274)
--56281-- /usr/lib/system/libunwind.dylib (rx at 0x1006b5000, rw at 0x1006bb000)
--56281--    reading syms   from primary file (102 52)
--56281-- /usr/lib/system/libxpc.dylib (rx at 0x1006c4000, rw at 0x1006fa000)
--56281--    reading syms   from primary file (627 1467)
--56281-- /usr/lib/libobjc.A.dylib (rx at 0x100728000, rw at 0x10075c000)
--56281--    reading syms   from primary file (382 771)
--56281-- /usr/lib/libc++abi.dylib (rx at 0x100780000, rw at 0x100796000)
--56281--    reading syms   from primary file (366 704)
--56281-- /usr/lib/libc++.1.dylib (rx at 0x1007b4000, rw at 0x100807000)
--56281--    reading syms   from primary file (2088 1160)
--56281-- REDIR: 0x1006533a0 (libsystem_platform.dylib:_platform_memcmp) redirected to 0x1001698b5 (_platform_memcmp)
--56281-- REDIR: 0x100652c00 (libsystem_platform.dylib:_platform_strncmp) redirected to 0x100169249 (_platform_strncmp)
--56281-- REDIR: 0x100652800 (libsystem_platform.dylib:_platform_strcmp) redirected to 0x1001692c3 (_platform_strcmp)
--56281-- REDIR: 0x100586ce0 (libsystem_malloc.dylib:malloc) redirected to 0x1001674d0 (malloc)
--56281-- REDIR: 0x100588ec1 (libsystem_malloc.dylib:calloc) redirected to 0x100167ae6 (calloc)
--56281-- REDIR: 0x100588d67 (libsystem_malloc.dylib:realloc) redirected to 0x100167e64 (realloc)
--56281-- REDIR: 0x100589087 (libsystem_malloc.dylib:malloc_default_zone) redirected to 0x100168819 (malloc_default_zone)
--56281-- REDIR: 0x100586d12 (libsystem_malloc.dylib:malloc_zone_malloc) redirected to 0x100167738 (malloc_zone_malloc)
--56281-- REDIR: 0x100588ef6 (libsystem_malloc.dylib:malloc_zone_calloc) redirected to 0x100167cd2 (malloc_zone_calloc)
--56281-- REDIR: 0x10058908f (libsystem_malloc.dylib:malloc_zone_from_ptr) redirected to 0x10016885a (malloc_zone_from_ptr)
--56281-- REDIR: 0x1005879b1 (libsystem_malloc.dylib:free) redirected to 0x1001678ac (free)
--56281-- REDIR: 0x100653300 (libsystem_platform.dylib:_platform_strchr$VARIANT$Haswell) redirected to 0x100168acd (_platform_strchr$VARIANT$Haswell)
--56281-- REDIR: 0x10044239d (libsystem_c.dylib:__strcpy_chk) redirected to 0x100168da4 (__strcpy_chk)
--56281-- REDIR: 0x1006531a0 (libsystem_platform.dylib:_platform_memchr$VARIANT$Haswell) redirected to 0x100169334 (_platform_memchr$VARIANT$Haswell)
==56281== 
==56281== HEAP SUMMARY:
==56281==     in use at exit: 44,292 bytes in 342 blocks
==56281==   total heap usage: 356 allocs, 14 frees, 49,036 bytes allocated
==56281== 
==56281== Searching for pointers to 342 not-freed blocks
==56281== Checked 9,428,472 bytes
==56281== 
==56281== 2 bytes in 1 blocks are still reachable in loss record 1 of 106
==56281==    at 0x100167545: malloc (in /usr/local/Cellar/valgrind/HEAD-6049595/lib/valgrind/vgpreload_memcheck-amd64-darwin.so)
==56281==    by 0x10041BCE5: strdup (in /usr/lib/system/libsystem_c.dylib)
==56281==    by 0x10000819C: yylex (in ./program.out)
==56281==    by 0x100004BF3: yyparse (in ./program.out)
==56281==    by 0x100007426: main (in ./program.out)
==56281== 
==56281== 6 bytes in 3 blocks are still reachable in loss record 2 of 106
==56281==    at 0x100167545: malloc (in /usr/local/Cellar/valgrind/HEAD-6049595/lib/valgrind/vgpreload_memcheck-amd64-darwin.so)
==56281==    by 0x10041BCE5: strdup (in /usr/lib/system/libsystem_c.dylib)
==56281==    by 0x100008227: yylex (in ./program.out)
==56281==    by 0x100004BF3: yyparse (in ./program.out)
==56281==    by 0x100007426: main (in ./program.out)
==56281== 
==56281== 6 bytes in 1 blocks are definitely lost in loss record 3 of 106
==56281==    at 0x100167545: malloc (in /usr/local/Cellar/valgrind/HEAD-6049595/lib/valgrind/vgpreload_memcheck-amd64-darwin.so)
==56281==    by 0x1000022BB: concat (in ./program.out)
==56281==    by 0x1000027C6: add_to_s_table (in ./program.out)
==56281==    by 0x1000054E7: yyparse (in ./program.out)
==56281==    by 0x100007426: main (in ./program.out)
==56281== 
==56281== 6 bytes in 1 blocks are definitely lost in loss record 4 of 106
==56281==    at 0x100167545: malloc (in /usr/local/Cellar/valgrind/HEAD-6049595/lib/valgrind/vgpreload_memcheck-amd64-darwin.so)
==56281==    by 0x1000022BB: concat (in ./program.out)
==56281==    by 0x1000027C6: add_to_s_table (in ./program.out)
==56281==    by 0x1000053DD: yyparse (in ./program.out)
==56281==    by 0x100007426: main (in ./program.out)
==56281== 
==56281== 7 bytes in 1 blocks are still reachable in loss record 5 of 106
==56281==    at 0x100167545: malloc (in /usr/local/Cellar/valgrind/HEAD-6049595/lib/valgrind/vgpreload_memcheck-amd64-darwin.so)
==56281==    by 0x1000022BB: concat (in ./program.out)
==56281==    by 0x1000027D7: add_to_s_table (in ./program.out)
==56281==    by 0x1000054E7: yyparse (in ./program.out)
==56281==    by 0x100007426: main (in ./program.out)
==56281== 
==56281== 7 bytes in 1 blocks are still reachable in loss record 6 of 106
==56281==    at 0x100167545: malloc (in /usr/local/Cellar/valgrind/HEAD-6049595/lib/valgrind/vgpreload_memcheck-amd64-darwin.so)
==56281==    by 0x1000022BB: concat (in ./program.out)
==56281==    by 0x1000027D7: add_to_s_table (in ./program.out)
==56281==    by 0x1000053DD: yyparse (in ./program.out)
==56281==    by 0x100007426: main (in ./program.out)
==56281== 
==56281== 8 bytes in 1 blocks are still reachable in loss record 7 of 106
==56281==    at 0x100167545: malloc (in /usr/local/Cellar/valgrind/HEAD-6049595/lib/valgrind/vgpreload_memcheck-amd64-darwin.so)
==56281==    by 0x100009894: yyalloc (in ./program.out)
==56281==    by 0x100008A5D: yyensure_buffer_stack (in ./program.out)
==56281==    by 0x100007C76: yylex (in ./program.out)
==56281==    by 0x100004BF3: yyparse (in ./program.out)
==56281==    by 0x100007426: main (in ./program.out)
==56281== 
==56281== 9 bytes in 1 blocks are definitely lost in loss record 8 of 106
==56281==    at 0x100167545: malloc (in /usr/local/Cellar/valgrind/HEAD-6049595/lib/valgrind/vgpreload_memcheck-amd64-darwin.so)
==56281==    by 0x1000022BB: concat (in ./program.out)
==56281==    by 0x1000027C6: add_to_s_table (in ./program.out)
==56281==    by 0x1000052CC: yyparse (in ./program.out)
==56281==    by 0x100007426: main (in ./program.out)
==56281== 
==56281== 9 bytes in 1 blocks are definitely lost in loss record 9 of 106
==56281==    at 0x100167545: malloc (in /usr/local/Cellar/valgrind/HEAD-6049595/lib/valgrind/vgpreload_memcheck-amd64-darwin.so)
==56281==    by 0x1000022BB: concat (in ./program.out)
==56281==    by 0x100003B15: find_in_s_table (in ./program.out)
==56281==    by 0x1000054FE: yyparse (in ./program.out)
==56281==    by 0x100007426: main (in ./program.out)
==56281== 
==56281== 9 bytes in 1 blocks are definitely lost in loss record 10 of 106
==56281==    at 0x100167545: malloc (in /usr/local/Cellar/valgrind/HEAD-6049595/lib/valgrind/vgpreload_memcheck-amd64-darwin.so)
==56281==    by 0x1000022BB: concat (in ./program.out)
==56281==    by 0x100003B15: find_in_s_table (in ./program.out)
==56281==    by 0x1000053F4: yyparse (in ./program.out)
==56281==    by 0x100007426: main (in ./program.out)
==56281== 
==56281== 9 bytes in 1 blocks are definitely lost in loss record 11 of 106
==56281==    at 0x100167545: malloc (in /usr/local/Cellar/valgrind/HEAD-6049595/lib/valgrind/vgpreload_memcheck-amd64-darwin.so)
==56281==    by 0x1000022BB: concat (in ./program.out)
==56281==    by 0x100003B15: find_in_s_table (in ./program.out)
==56281==    by 0x1000057DB: yyparse (in ./program.out)
==56281==    by 0x100007426: main (in ./program.out)
==56281== 
==56281== 12 bytes in 1 blocks are still reachable in loss record 12 of 106
==56281==    at 0x100167545: malloc (in /usr/local/Cellar/valgrind/HEAD-6049595/lib/valgrind/vgpreload_memcheck-amd64-darwin.so)
==56281==    by 0x1000022BB: concat (in ./program.out)
==56281==    by 0x1000027D7: add_to_s_table (in ./program.out)
==56281==    by 0x1000052CC: yyparse (in ./program.out)
==56281==    by 0x100007426: main (in ./program.out)
==56281== 
==56281== 12 bytes in 1 blocks are definitely lost in loss record 13 of 106
==56281==    at 0x100167545: malloc (in /usr/local/Cellar/valgrind/HEAD-6049595/lib/valgrind/vgpreload_memcheck-amd64-darwin.so)
==56281==    by 0x1000022BB: concat (in ./program.out)
==56281==    by 0x100003B26: find_in_s_table (in ./program.out)
==56281==    by 0x1000054FE: yyparse (in ./program.out)
==56281==    by 0x100007426: main (in ./program.out)
==56281== 
==56281== 12 bytes in 1 blocks are definitely lost in loss record 14 of 106
==56281==    at 0x100167545: malloc (in /usr/local/Cellar/valgrind/HEAD-6049595/lib/valgrind/vgpreload_memcheck-amd64-darwin.so)
==56281==    by 0x1000022BB: concat (in ./program.out)
==56281==    by 0x100003B26: find_in_s_table (in ./program.out)
==56281==    by 0x1000053F4: yyparse (in ./program.out)
==56281==    by 0x100007426: main (in ./program.out)
==56281== 
==56281== 12 bytes in 4 blocks are definitely lost in loss record 15 of 106
==56281==    at 0x100167545: malloc (in /usr/local/Cellar/valgrind/HEAD-6049595/lib/valgrind/vgpreload_memcheck-amd64-darwin.so)
==56281==    by 0x10041BCE5: strdup (in /usr/lib/system/libsystem_c.dylib)
==56281==    by 0x100008202: yylex (in ./program.out)
==56281==    by 0x100004BF3: yyparse (in ./program.out)
==56281==    by 0x100007426: main (in ./program.out)
==56281== 
==56281== 13 bytes in 1 blocks are definitely lost in loss record 16 of 106
==56281==    at 0x100167545: malloc (in /usr/local/Cellar/valgrind/HEAD-6049595/lib/valgrind/vgpreload_memcheck-amd64-darwin.so)
==56281==    by 0x1000022BB: concat (in ./program.out)
==56281==    by 0x100003B26: find_in_s_table (in ./program.out)
==56281==    by 0x1000057DB: yyparse (in ./program.out)
==56281==    by 0x100007426: main (in ./program.out)
==56281== 
==56281== 14 bytes in 2 blocks are definitely lost in loss record 18 of 106
==56281==    at 0x100167545: malloc (in /usr/local/Cellar/valgrind/HEAD-6049595/lib/valgrind/vgpreload_memcheck-amd64-darwin.so)
==56281==    by 0x10041BCE5: strdup (in /usr/lib/system/libsystem_c.dylib)
==56281==    by 0x1000080B4: yylex (in ./program.out)
==56281==    by 0x100004BF3: yyparse (in ./program.out)
==56281==    by 0x100007426: main (in ./program.out)
==56281== 
==56281== 15 bytes in 2 blocks are definitely lost in loss record 19 of 106
==56281==    at 0x100167545: malloc (in /usr/local/Cellar/valgrind/HEAD-6049595/lib/valgrind/vgpreload_memcheck-amd64-darwin.so)
==56281==    by 0x1000022BB: concat (in ./program.out)
==56281==    by 0x1000027C6: add_to_s_table (in ./program.out)
==56281==    by 0x10000535B: yyparse (in ./program.out)
==56281==    by 0x100007426: main (in ./program.out)
==56281== 
==56281== 15 bytes in 2 blocks are definitely lost in loss record 20 of 106
==56281==    at 0x100167545: malloc (in /usr/local/Cellar/valgrind/HEAD-6049595/lib/valgrind/vgpreload_memcheck-amd64-darwin.so)
==56281==    by 0x1000022BB: concat (in ./program.out)
==56281==    by 0x100003B15: find_in_s_table (in ./program.out)
==56281==    by 0x100005FFC: yyparse (in ./program.out)
==56281==    by 0x100007426: main (in ./program.out)
==56281== 
==56281== 17 bytes in 2 blocks are definitely lost in loss record 23 of 106
==56281==    at 0x100167545: malloc (in /usr/local/Cellar/valgrind/HEAD-6049595/lib/valgrind/vgpreload_memcheck-amd64-darwin.so)
==56281==    by 0x1000022BB: concat (in ./program.out)
==56281==    by 0x100003B26: find_in_s_table (in ./program.out)
==56281==    by 0x100005FFC: yyparse (in ./program.out)
==56281==    by 0x100007426: main (in ./program.out)
==56281== 
==56281== 18 bytes in 2 blocks are definitely lost in loss record 24 of 106
==56281==    at 0x100167545: malloc (in /usr/local/Cellar/valgrind/HEAD-6049595/lib/valgrind/vgpreload_memcheck-amd64-darwin.so)
==56281==    by 0x1000022BB: concat (in ./program.out)
==56281==    by 0x100003B15: find_in_s_table (in ./program.out)
==56281==    by 0x100005F41: yyparse (in ./program.out)
==56281==    by 0x100007426: main (in ./program.out)
==56281== 
==56281== 18 bytes in 2 blocks are definitely lost in loss record 25 of 106
==56281==    at 0x100167545: malloc (in /usr/local/Cellar/valgrind/HEAD-6049595/lib/valgrind/vgpreload_memcheck-amd64-darwin.so)
==56281==    by 0x1000022BB: concat (in ./program.out)
==56281==    by 0x100003B15: find_in_s_table (in ./program.out)
==56281==    by 0x100004698: check_params (in ./program.out)
==56281==    by 0x100005F94: yyparse (in ./program.out)
==56281==    by 0x100007426: main (in ./program.out)
==56281== 
==56281== 18 bytes in 2 blocks are definitely lost in loss record 26 of 106
==56281==    at 0x100167545: malloc (in /usr/local/Cellar/valgrind/HEAD-6049595/lib/valgrind/vgpreload_memcheck-amd64-darwin.so)
==56281==    by 0x1000022BB: concat (in ./program.out)
==56281==    by 0x100003B15: find_in_s_table (in ./program.out)
==56281==    by 0x100004560: check_specific_param (in ./program.out)
==56281==    by 0x10000463B: check_specific_param (in ./program.out)
==56281==    by 0x1000046BA: check_params (in ./program.out)
==56281==    by 0x100005F94: yyparse (in ./program.out)
==56281==    by 0x100007426: main (in ./program.out)
==56281== 
==56281== 18 bytes in 2 blocks are definitely lost in loss record 27 of 106
==56281==    at 0x100167545: malloc (in /usr/local/Cellar/valgrind/HEAD-6049595/lib/valgrind/vgpreload_memcheck-amd64-darwin.so)
==56281==    by 0x1000022BB: concat (in ./program.out)
==56281==    by 0x100003B15: find_in_s_table (in ./program.out)
==56281==    by 0x100004560: check_specific_param (in ./program.out)
==56281==    by 0x100004652: check_specific_param (in ./program.out)
==56281==    by 0x1000046BA: check_params (in ./program.out)
==56281==    by 0x100005F94: yyparse (in ./program.out)
==56281==    by 0x100007426: main (in ./program.out)
==56281== 
==56281== 24 bytes in 1 blocks are still reachable in loss record 30 of 106
==56281==    at 0x100167545: malloc (in /usr/local/Cellar/valgrind/HEAD-6049595/lib/valgrind/vgpreload_memcheck-amd64-darwin.so)
==56281==    by 0x10000261D: initialize_s_stack (in ./program.out)
==56281==    by 0x100007421: main (in ./program.out)
==56281== 
==56281== 24 bytes in 2 blocks are still reachable in loss record 31 of 106
==56281==    at 0x100167545: malloc (in /usr/local/Cellar/valgrind/HEAD-6049595/lib/valgrind/vgpreload_memcheck-amd64-darwin.so)
==56281==    by 0x1000022BB: concat (in ./program.out)
==56281==    by 0x1000027D7: add_to_s_table (in ./program.out)
==56281==    by 0x10000535B: yyparse (in ./program.out)
==56281==    by 0x100007426: main (in ./program.out)
==56281== 
==56281== 24 bytes in 1 blocks are indirectly lost in loss record 33 of 106
==56281==    at 0x100167545: malloc (in /usr/local/Cellar/valgrind/HEAD-6049595/lib/valgrind/vgpreload_memcheck-amd64-darwin.so)
==56281==    by 0x100002685: s_push (in ./program.out)
==56281==    by 0x1000052E3: yyparse (in ./program.out)
==56281==    by 0x100007426: main (in ./program.out)
==56281== 
==56281== 24 bytes in 2 blocks are definitely lost in loss record 34 of 106
==56281==    at 0x100167545: malloc (in /usr/local/Cellar/valgrind/HEAD-6049595/lib/valgrind/vgpreload_memcheck-amd64-darwin.so)
==56281==    by 0x1000022BB: concat (in ./program.out)
==56281==    by 0x100003B26: find_in_s_table (in ./program.out)
==56281==    by 0x100005F41: yyparse (in ./program.out)
==56281==    by 0x100007426: main (in ./program.out)
==56281== 
==56281== 24 bytes in 2 blocks are definitely lost in loss record 35 of 106
==56281==    at 0x100167545: malloc (in /usr/local/Cellar/valgrind/HEAD-6049595/lib/valgrind/vgpreload_memcheck-amd64-darwin.so)
==56281==    by 0x1000022BB: concat (in ./program.out)
==56281==    by 0x100003B26: find_in_s_table (in ./program.out)
==56281==    by 0x100004698: check_params (in ./program.out)
==56281==    by 0x100005F94: yyparse (in ./program.out)
==56281==    by 0x100007426: main (in ./program.out)
==56281== 
==56281== 24 bytes in 2 blocks are definitely lost in loss record 36 of 106
==56281==    at 0x100167545: malloc (in /usr/local/Cellar/valgrind/HEAD-6049595/lib/valgrind/vgpreload_memcheck-amd64-darwin.so)
==56281==    by 0x1000022BB: concat (in ./program.out)
==56281==    by 0x100003B26: find_in_s_table (in ./program.out)
==56281==    by 0x100004560: check_specific_param (in ./program.out)
==56281==    by 0x10000463B: check_specific_param (in ./program.out)
==56281==    by 0x1000046BA: check_params (in ./program.out)
==56281==    by 0x100005F94: yyparse (in ./program.out)
==56281==    by 0x100007426: main (in ./program.out)
==56281== 
==56281== 24 bytes in 2 blocks are definitely lost in loss record 37 of 106
==56281==    at 0x100167545: malloc (in /usr/local/Cellar/valgrind/HEAD-6049595/lib/valgrind/vgpreload_memcheck-amd64-darwin.so)
==56281==    by 0x1000022BB: concat (in ./program.out)
==56281==    by 0x100003B26: find_in_s_table (in ./program.out)
==56281==    by 0x100004560: check_specific_param (in ./program.out)
==56281==    by 0x100004652: check_specific_param (in ./program.out)
==56281==    by 0x1000046BA: check_params (in ./program.out)
==56281==    by 0x100005F94: yyparse (in ./program.out)
==56281==    by 0x100007426: main (in ./program.out)
==56281== 
==56281== 28 bytes in 4 blocks are definitely lost in loss record 38 of 106
==56281==    at 0x100167545: malloc (in /usr/local/Cellar/valgrind/HEAD-6049595/lib/valgrind/vgpreload_memcheck-amd64-darwin.so)
==56281==    by 0x1000022BB: concat (in ./program.out)
==56281==    by 0x1000027C6: add_to_s_table (in ./program.out)
==56281==    by 0x10000428C: ins_node_symbol (in ./program.out)
==56281==    by 0x10000529E: yyparse (in ./program.out)
==56281==    by 0x100007426: main (in ./program.out)
==56281== 
==56281== 30 bytes in 4 blocks are definitely lost in loss record 39 of 106
==56281==    at 0x100167545: malloc (in /usr/local/Cellar/valgrind/HEAD-6049595/lib/valgrind/vgpreload_memcheck-amd64-darwin.so)
==56281==    by 0x1000022BB: concat (in ./program.out)
==56281==    by 0x100003B15: find_in_s_table (in ./program.out)
==56281==    by 0x1000059C1: yyparse (in ./program.out)
==56281==    by 0x100007426: main (in ./program.out)
==56281== 
==56281== 34 bytes in 4 blocks are definitely lost in loss record 48 of 106
==56281==    at 0x100167545: malloc (in /usr/local/Cellar/valgrind/HEAD-6049595/lib/valgrind/vgpreload_memcheck-amd64-darwin.so)
==56281==    by 0x1000022BB: concat (in ./program.out)
==56281==    by 0x100003B26: find_in_s_table (in ./program.out)
==56281==    by 0x1000059C1: yyparse (in ./program.out)
==56281==    by 0x100007426: main (in ./program.out)
==56281== 
==56281== 35 bytes in 4 blocks are still reachable in loss record 49 of 106
==56281==    at 0x100167545: malloc (in /usr/local/Cellar/valgrind/HEAD-6049595/lib/valgrind/vgpreload_memcheck-amd64-darwin.so)
==56281==    by 0x1000022BB: concat (in ./program.out)
==56281==    by 0x1000027D7: add_to_s_table (in ./program.out)
==56281==    by 0x10000428C: ins_node_symbol (in ./program.out)
==56281==    by 0x10000529E: yyparse (in ./program.out)
==56281==    by 0x100007426: main (in ./program.out)
==56281== 
==56281== 38 bytes in 9 blocks are still reachable in loss record 50 of 106
==56281==    at 0x100167545: malloc (in /usr/local/Cellar/valgrind/HEAD-6049595/lib/valgrind/vgpreload_memcheck-amd64-darwin.so)
==56281==    by 0x10041BCE5: strdup (in /usr/lib/system/libsystem_c.dylib)
==56281==    by 0x100008177: yylex (in ./program.out)
==56281==    by 0x100004BF3: yyparse (in ./program.out)
==56281==    by 0x100007426: main (in ./program.out)
==56281== 
==56281== 40 bytes in 14 blocks are still reachable in loss record 51 of 106
==56281==    at 0x100167545: malloc (in /usr/local/Cellar/valgrind/HEAD-6049595/lib/valgrind/vgpreload_memcheck-amd64-darwin.so)
==56281==    by 0x10041BCE5: strdup (in /usr/lib/system/libsystem_c.dylib)
==56281==    by 0x100008202: yylex (in ./program.out)
==56281==    by 0x100004BF3: yyparse (in ./program.out)
==56281==    by 0x100007426: main (in ./program.out)
==56281== 
==56281== 48 bytes in 1 blocks are still reachable in loss record 54 of 106
==56281==    at 0x100167BA0: calloc (in /usr/local/Cellar/valgrind/HEAD-6049595/lib/valgrind/vgpreload_memcheck-amd64-darwin.so)
==56281==    by 0x10000419C: ins_node (in ./program.out)
==56281==    by 0x100005CD2: yyparse (in ./program.out)
==56281==    by 0x100007426: main (in ./program.out)
==56281== 
==56281== 48 bytes in 1 blocks are still reachable in loss record 55 of 106
==56281==    at 0x100167BA0: calloc (in /usr/local/Cellar/valgrind/HEAD-6049595/lib/valgrind/vgpreload_memcheck-amd64-darwin.so)
==56281==    by 0x10000419C: ins_node (in ./program.out)
==56281==    by 0x100005891: yyparse (in ./program.out)
==56281==    by 0x100007426: main (in ./program.out)
==56281== 
==56281== 48 bytes in 1 blocks are still reachable in loss record 56 of 106
==56281==    at 0x100167BA0: calloc (in /usr/local/Cellar/valgrind/HEAD-6049595/lib/valgrind/vgpreload_memcheck-amd64-darwin.so)
==56281==    by 0x10000419C: ins_node (in ./program.out)
==56281==    by 0x100005EE6: yyparse (in ./program.out)
==56281==    by 0x100007426: main (in ./program.out)
==56281== 
==56281== 48 bytes in 1 blocks are still reachable in loss record 57 of 106
==56281==    at 0x100167BA0: calloc (in /usr/local/Cellar/valgrind/HEAD-6049595/lib/valgrind/vgpreload_memcheck-amd64-darwin.so)
==56281==    by 0x10000419C: ins_node (in ./program.out)
==56281==    by 0x100005328: yyparse (in ./program.out)
==56281==    by 0x100007426: main (in ./program.out)
==56281== 
==56281== 48 bytes in 1 blocks are still reachable in loss record 58 of 106
==56281==    at 0x100167BA0: calloc (in /usr/local/Cellar/valgrind/HEAD-6049595/lib/valgrind/vgpreload_memcheck-amd64-darwin.so)
==56281==    by 0x10000419C: ins_node (in ./program.out)
==56281==    by 0x10000609A: yyparse (in ./program.out)
==56281==    by 0x100007426: main (in ./program.out)
==56281== 
==56281== 48 bytes in 1 blocks are still reachable in loss record 59 of 106
==56281==    at 0x100167BA0: calloc (in /usr/local/Cellar/valgrind/HEAD-6049595/lib/valgrind/vgpreload_memcheck-amd64-darwin.so)
==56281==    by 0x10000419C: ins_node (in ./program.out)
==56281==    by 0x100005859: yyparse (in ./program.out)
==56281==    by 0x100007426: main (in ./program.out)
==56281== 
==56281== 60 bytes in 8 blocks are definitely lost in loss record 60 of 106
==56281==    at 0x100167545: malloc (in /usr/local/Cellar/valgrind/HEAD-6049595/lib/valgrind/vgpreload_memcheck-amd64-darwin.so)
==56281==    by 0x1000022BB: concat (in ./program.out)
==56281==    by 0x100003B15: find_in_s_table (in ./program.out)
==56281==    by 0x100005D03: yyparse (in ./program.out)
==56281==    by 0x100007426: main (in ./program.out)
==56281== 
==56281== 64 bytes in 1 blocks are still reachable in loss record 64 of 106
==56281==    at 0x100167545: malloc (in /usr/local/Cellar/valgrind/HEAD-6049595/lib/valgrind/vgpreload_memcheck-amd64-darwin.so)
==56281==    by 0x100003322: add_to_s_table (in ./program.out)
==56281==    by 0x10000428C: ins_node_symbol (in ./program.out)
==56281==    by 0x10000529E: yyparse (in ./program.out)
==56281==    by 0x100007426: main (in ./program.out)
==56281== 
==56281== 68 bytes in 8 blocks are definitely lost in loss record 65 of 106
==56281==    at 0x100167545: malloc (in /usr/local/Cellar/valgrind/HEAD-6049595/lib/valgrind/vgpreload_memcheck-amd64-darwin.so)
==56281==    by 0x1000022BB: concat (in ./program.out)
==56281==    by 0x100003B26: find_in_s_table (in ./program.out)
==56281==    by 0x100005D03: yyparse (in ./program.out)
==56281==    by 0x100007426: main (in ./program.out)
==56281== 
==56281== 72 bytes in 1 blocks are still reachable in loss record 66 of 106
==56281==    at 0x100167545: malloc (in /usr/local/Cellar/valgrind/HEAD-6049595/lib/valgrind/vgpreload_memcheck-amd64-darwin.so)
==56281==    by 0x100009894: yyalloc (in ./program.out)
==56281==    by 0x100008B98: yy_create_buffer (in ./program.out)
==56281==    by 0x100007C87: yylex (in ./program.out)
==56281==    by 0x100004BF3: yyparse (in ./program.out)
==56281==    by 0x100007426: main (in ./program.out)
==56281== 
==56281== 72 (48 direct, 24 indirect) bytes in 2 blocks are definitely lost in loss record 67 of 106
==56281==    at 0x100167545: malloc (in /usr/local/Cellar/valgrind/HEAD-6049595/lib/valgrind/vgpreload_memcheck-amd64-darwin.so)
==56281==    by 0x100002685: s_push (in ./program.out)
==56281==    by 0x100005372: yyparse (in ./program.out)
==56281==    by 0x100007426: main (in ./program.out)
==56281== 
==56281== 90 bytes in 12 blocks are definitely lost in loss record 68 of 106
==56281==    at 0x100167545: malloc (in /usr/local/Cellar/valgrind/HEAD-6049595/lib/valgrind/vgpreload_memcheck-amd64-darwin.so)
==56281==    by 0x1000022BB: concat (in ./program.out)
==56281==    by 0x100003B15: find_in_s_table (in ./program.out)
==56281==    by 0x100006206: yyparse (in ./program.out)
==56281==    by 0x100007426: main (in ./program.out)
==56281== 
==56281== 96 bytes in 2 blocks are still reachable in loss record 71 of 106
==56281==    at 0x100167BA0: calloc (in /usr/local/Cellar/valgrind/HEAD-6049595/lib/valgrind/vgpreload_memcheck-amd64-darwin.so)
==56281==    by 0x10000419C: ins_node (in ./program.out)
==56281==    by 0x1000053AB: yyparse (in ./program.out)
==56281==    by 0x100007426: main (in ./program.out)
==56281== 
==56281== 96 bytes in 2 blocks are still reachable in loss record 72 of 106
==56281==    at 0x100167BA0: calloc (in /usr/local/Cellar/valgrind/HEAD-6049595/lib/valgrind/vgpreload_memcheck-amd64-darwin.so)
==56281==    by 0x10000419C: ins_node (in ./program.out)
==56281==    by 0x100005FCB: yyparse (in ./program.out)
==56281==    by 0x100007426: main (in ./program.out)
==56281== 
==56281== 96 bytes in 2 blocks are still reachable in loss record 73 of 106
==56281==    at 0x100167BA0: calloc (in /usr/local/Cellar/valgrind/HEAD-6049595/lib/valgrind/vgpreload_memcheck-amd64-darwin.so)
==56281==    by 0x10000419C: ins_node (in ./program.out)
==56281==    by 0x100005F76: yyparse (in ./program.out)
==56281==    by 0x100007426: main (in ./program.out)
==56281== 
==56281== 96 bytes in 2 blocks are still reachable in loss record 74 of 106
==56281==    at 0x100167BA0: calloc (in /usr/local/Cellar/valgrind/HEAD-6049595/lib/valgrind/vgpreload_memcheck-amd64-darwin.so)
==56281==    by 0x10000419C: ins_node (in ./program.out)
==56281==    by 0x100005980: yyparse (in ./program.out)
==56281==    by 0x100007426: main (in ./program.out)
==56281== 
==56281== 96 bytes in 2 blocks are still reachable in loss record 75 of 106
==56281==    at 0x100167BA0: calloc (in /usr/local/Cellar/valgrind/HEAD-6049595/lib/valgrind/vgpreload_memcheck-amd64-darwin.so)
==56281==    by 0x10000419C: ins_node (in ./program.out)
==56281==    by 0x1000059AA: yyparse (in ./program.out)
==56281==    by 0x100007426: main (in ./program.out)
==56281== 
==56281== 102 bytes in 12 blocks are definitely lost in loss record 76 of 106
==56281==    at 0x100167545: malloc (in /usr/local/Cellar/valgrind/HEAD-6049595/lib/valgrind/vgpreload_memcheck-amd64-darwin.so)
==56281==    by 0x1000022BB: concat (in ./program.out)
==56281==    by 0x100003B26: find_in_s_table (in ./program.out)
==56281==    by 0x100006206: yyparse (in ./program.out)
==56281==    by 0x100007426: main (in ./program.out)
==56281== 
==56281== 144 bytes in 3 blocks are still reachable in loss record 81 of 106
==56281==    at 0x100167BA0: calloc (in /usr/local/Cellar/valgrind/HEAD-6049595/lib/valgrind/vgpreload_memcheck-amd64-darwin.so)
==56281==    by 0x10000419C: ins_node (in ./program.out)
==56281==    by 0x10000515D: yyparse (in ./program.out)
==56281==    by 0x100007426: main (in ./program.out)
==56281== 
==56281== 144 bytes in 3 blocks are still reachable in loss record 82 of 106
==56281==    at 0x100167BA0: calloc (in /usr/local/Cellar/valgrind/HEAD-6049595/lib/valgrind/vgpreload_memcheck-amd64-darwin.so)
==56281==    by 0x10000419C: ins_node (in ./program.out)
==56281==    by 0x10000615B: yyparse (in ./program.out)
==56281==    by 0x100007426: main (in ./program.out)
==56281== 
==56281== 168 bytes in 1 blocks are still reachable in loss record 83 of 106
==56281==    at 0x100167545: malloc (in /usr/local/Cellar/valgrind/HEAD-6049595/lib/valgrind/vgpreload_memcheck-amd64-darwin.so)
==56281==    by 0x100002DCD: add_to_s_table (in ./program.out)
==56281==    by 0x1000052CC: yyparse (in ./program.out)
==56281==    by 0x100007426: main (in ./program.out)
==56281== 
==56281== 168 bytes in 1 blocks are still reachable in loss record 84 of 106
==56281==    at 0x100167545: malloc (in /usr/local/Cellar/valgrind/HEAD-6049595/lib/valgrind/vgpreload_memcheck-amd64-darwin.so)
==56281==    by 0x100002DCD: add_to_s_table (in ./program.out)
==56281==    by 0x1000054E7: yyparse (in ./program.out)
==56281==    by 0x100007426: main (in ./program.out)
==56281== 
==56281== 168 bytes in 1 blocks are still reachable in loss record 85 of 106
==56281==    at 0x100167545: malloc (in /usr/local/Cellar/valgrind/HEAD-6049595/lib/valgrind/vgpreload_memcheck-amd64-darwin.so)
==56281==    by 0x100002DCD: add_to_s_table (in ./program.out)
==56281==    by 0x1000053DD: yyparse (in ./program.out)
==56281==    by 0x100007426: main (in ./program.out)
==56281== 
==56281== 192 bytes in 4 blocks are still reachable in loss record 87 of 106
==56281==    at 0x100167BA0: calloc (in /usr/local/Cellar/valgrind/HEAD-6049595/lib/valgrind/vgpreload_memcheck-amd64-darwin.so)
==56281==    by 0x100004214: ins_node_symbol (in ./program.out)
==56281==    by 0x10000529E: yyparse (in ./program.out)
==56281==    by 0x100007426: main (in ./program.out)
==56281== 
==56281== 192 bytes in 4 blocks are still reachable in loss record 88 of 106
==56281==    at 0x100167BA0: calloc (in /usr/local/Cellar/valgrind/HEAD-6049595/lib/valgrind/vgpreload_memcheck-amd64-darwin.so)
==56281==    by 0x10000419C: ins_node (in ./program.out)
==56281==    by 0x100005D4E: yyparse (in ./program.out)
==56281==    by 0x100007426: main (in ./program.out)
==56281== 
==56281== 240 bytes in 5 blocks are still reachable in loss record 89 of 106
==56281==    at 0x100167BA0: calloc (in /usr/local/Cellar/valgrind/HEAD-6049595/lib/valgrind/vgpreload_memcheck-amd64-darwin.so)
==56281==    by 0x10000419C: ins_node (in ./program.out)
==56281==    by 0x1000056A0: yyparse (in ./program.out)
==56281==    by 0x100007426: main (in ./program.out)
==56281== 
==56281== 336 bytes in 2 blocks are still reachable in loss record 94 of 106
==56281==    at 0x100167545: malloc (in /usr/local/Cellar/valgrind/HEAD-6049595/lib/valgrind/vgpreload_memcheck-amd64-darwin.so)
==56281==    by 0x100002DCD: add_to_s_table (in ./program.out)
==56281==    by 0x10000535B: yyparse (in ./program.out)
==56281==    by 0x100007426: main (in ./program.out)
==56281== 
==56281== 512 bytes in 1 blocks are still reachable in loss record 95 of 106
==56281==    at 0x100167545: malloc (in /usr/local/Cellar/valgrind/HEAD-6049595/lib/valgrind/vgpreload_memcheck-amd64-darwin.so)
==56281==    by 0x1000033C5: add_to_s_table (in ./program.out)
==56281==    by 0x10000428C: ins_node_symbol (in ./program.out)
==56281==    by 0x10000529E: yyparse (in ./program.out)
==56281==    by 0x100007426: main (in ./program.out)
==56281== 
==56281== 672 bytes in 4 blocks are still reachable in loss record 96 of 106
==56281==    at 0x100167545: malloc (in /usr/local/Cellar/valgrind/HEAD-6049595/lib/valgrind/vgpreload_memcheck-amd64-darwin.so)
==56281==    by 0x100002DCD: add_to_s_table (in ./program.out)
==56281==    by 0x10000428C: ins_node_symbol (in ./program.out)
==56281==    by 0x10000529E: yyparse (in ./program.out)
==56281==    by 0x100007426: main (in ./program.out)
==56281== 
==56281== 4,096 bytes in 1 blocks are still reachable in loss record 104 of 106
==56281==    at 0x100167545: malloc (in /usr/local/Cellar/valgrind/HEAD-6049595/lib/valgrind/vgpreload_memcheck-amd64-darwin.so)
==56281==    by 0x100401367: __smakebuf (in /usr/lib/system/libsystem_c.dylib)
==56281==    by 0x1004048A6: __srefill0 (in /usr/lib/system/libsystem_c.dylib)
==56281==    by 0x1003FF779: __fread (in /usr/lib/system/libsystem_c.dylib)
==56281==    by 0x1003FF6BD: fread (in /usr/lib/system/libsystem_c.dylib)
==56281==    by 0x100009342: yy_get_next_buffer (in ./program.out)
==56281==    by 0x10000883C: yylex (in ./program.out)
==56281==    by 0x100004BF3: yyparse (in ./program.out)
==56281==    by 0x100007426: main (in ./program.out)
==56281== 
==56281== 16,386 bytes in 1 blocks are still reachable in loss record 106 of 106
==56281==    at 0x100167545: malloc (in /usr/local/Cellar/valgrind/HEAD-6049595/lib/valgrind/vgpreload_memcheck-amd64-darwin.so)
==56281==    by 0x100009894: yyalloc (in ./program.out)
==56281==    by 0x100008BD5: yy_create_buffer (in ./program.out)
==56281==    by 0x100007C87: yylex (in ./program.out)
==56281==    by 0x100004BF3: yyparse (in ./program.out)
==56281==    by 0x100007426: main (in ./program.out)
==56281== 
==56281== LEAK SUMMARY:
==56281==    definitely lost: 786 bytes in 91 blocks
==56281==    indirectly lost: 24 bytes in 1 blocks
==56281==      possibly lost: 0 bytes in 0 blocks
==56281==    still reachable: 24,525 bytes in 87 blocks
==56281==         suppressed: 18,957 bytes in 163 blocks
==56281== 
==56281== ERROR SUMMARY: 30 errors from 30 contexts (suppressed: 8 from 8)
--56281-- 
--56281-- used_suppression:      1 OSX1015:Leak01-printf /usr/local/Cellar/valgrind/HEAD-6049595/lib/valgrind/default.supp:801 suppressed: 4,096 bytes in 1 blocks
--56281-- used_suppression:      3 OSX1015:dyld-4 /usr/local/Cellar/valgrind/HEAD-6049595/lib/valgrind/default.supp:751 suppressed: 4,152 bytes in 3 blocks
--56281-- used_suppression:      1 OSX1015:Leak02-objc /usr/local/Cellar/valgrind/HEAD-6049595/lib/valgrind/default.supp:812 suppressed: 2,048 bytes in 1 blocks
--56281-- used_suppression:     17 OSX1015:dyld-7 /usr/local/Cellar/valgrind/HEAD-6049595/lib/valgrind/default.supp:781 suppressed: 2,560 bytes in 74 blocks
--56281-- used_suppression:     15 OSX1015:dyld-8 /usr/local/Cellar/valgrind/HEAD-6049595/lib/valgrind/default.supp:791 suppressed: 5,837 bytes in 81 blocks
--56281-- used_suppression:      1 OSX1015:dyld-5 /usr/local/Cellar/valgrind/HEAD-6049595/lib/valgrind/default.supp:761 suppressed: 264 bytes in 3 blocks
--56281-- used_suppression:      1 OSX1015:dyld-1 /usr/local/Cellar/valgrind/HEAD-6049595/lib/valgrind/default.supp:726
--56281-- used_suppression:      2 OSX1015:dyld-3 /usr/local/Cellar/valgrind/HEAD-6049595/lib/valgrind/default.supp:742
--56281-- used_suppression:      1 OSX1015:dyld-2 /usr/local/Cellar/valgrind/HEAD-6049595/lib/valgrind/default.supp:733
==56281== 
==56281== ERROR SUMMARY: 30 errors from 30 contexts (suppressed: 8 from 8)
